# JRE version: Java(TM) SE Runtime Environment (8.0_11-b12) (build 1.8.0_11-b12)
# Java VM: Java HotSpot(TM) 64-Bit Server VM (25.11-b03 mixed mode windows-amd64 compressed oops)
Heap:
 PSYoungGen      total 102912K, used 9022K [0x00000000eab00000, 0x00000000f2100000, 0x0000000100000000)
  eden space 88064K, 10% used [0x00000000eab00000,0x00000000eb3cf8b0,0x00000000f0100000)
  from space 14848K, 0% used [0x00000000f1080000,0x00000000f1080000,0x00000000f1f00000)
  to   space 15872K, 0% used [0x00000000f0100000,0x00000000f0100000,0x00000000f1080000)
 ParOldGen       total 66560K, used 53731K [0x00000000c0000000, 0x00000000c4100000, 0x00000000eab00000)
  object space 66560K, 80% used [0x00000000c0000000,0x00000000c3478d60,0x00000000c4100000)
 Metaspace       used 6067K, capacity 7024K, committed 7296K, reserved 1056768K
  class space    used 594K, capacity 616K, committed 640K, reserved 1048576K
GC Heap History (10 events):
Event: 3.404 GC heap before
{Heap before GC invocations=17 (full 0):
 PSYoungGen      total 51200K, used 51171K [0x00000000eab00000, 0x00000000eeb80000, 0x0000000100000000)
  eden space 45568K, 100% used [0x00000000eab00000,0x00000000ed780000,0x00000000ed780000)
  from space 5632K, 99% used [0x00000000ee000000,0x00000000ee578dc0,0x00000000ee580000)
  to   space 8704K, 0% used [0x00000000ed780000,0x00000000ed780000,0x00000000ee000000)
 ParOldGen       total 64000K, used 19458K [0x00000000c0000000, 0x00000000c3e80000, 0x00000000eab00000)
  object space 64000K, 30% used [0x00000000c0000000,0x00000000c1300980,0x00000000c3e80000)
 Metaspace       used 6003K, capacity 6960K, committed 7040K, reserved 1056768K
  class space    used 594K, capacity 616K, committed 640K, reserved 1048576K
Event: 3.429 GC heap after
Heap after GC invocations=17 (full 0):
 PSYoungGen      total 54272K, used 8702K [0x00000000eab00000, 0x00000000f0380000, 0x0000000100000000)
  eden space 45568K, 0% used [0x00000000eab00000,0x00000000eab00000,0x00000000ed780000)
  from space 8704K, 99% used [0x00000000ed780000,0x00000000edfff838,0x00000000ee000000)
  to   space 13312K, 0% used [0x00000000ef680000,0x00000000ef680000,0x00000000f0380000)
 ParOldGen       total 64000K, used 26886K [0x00000000c0000000, 0x00000000c3e80000, 0x00000000eab00000)
  object space 64000K, 42% used [0x00000000c0000000,0x00000000c1a41948,0x00000000c3e80000)
 Metaspace       used 6003K, capacity 6960K, committed 7040K, reserved 1056768K
  class space    used 594K, capacity 616K, committed 640K, reserved 1048576K
}
Event: 3.838 GC heap before
{Heap before GC invocations=18 (full 0):
 PSYoungGen      total 54272K, used 54270K [0x00000000eab00000, 0x00000000f0380000, 0x0000000100000000)
  eden space 45568K, 100% used [0x00000000eab00000,0x00000000ed780000,0x00000000ed780000)
  from space 8704K, 99% used [0x00000000ed780000,0x00000000edfff838,0x00000000ee000000)
  to   space 13312K, 0% used [0x00000000ef680000,0x00000000ef680000,0x00000000f0380000)
 ParOldGen       total 64000K, used 26886K [0x00000000c0000000, 0x00000000c3e80000, 0x00000000eab00000)
  object space 64000K, 42% used [0x00000000c0000000,0x00000000c1a41948,0x00000000c3e80000)
 Metaspace       used 6039K, capacity 6960K, committed 7040K, reserved 1056768K
  class space    used 594K, capacity 616K, committed 640K, reserved 1048576K
Event: 3.909 GC heap after
Heap after GC invocations=18 (full 0):
 PSYoungGen      total 76800K, used 9002K [0x00000000eab00000, 0x00000000f0480000, 0x0000000100000000)
  eden space 63488K, 0% used [0x00000000eab00000,0x00000000eab00000,0x00000000ee900000)
  from space 13312K, 67% used [0x00000000ef680000,0x00000000eff4a890,0x00000000f0380000)
  to   space 13824K, 0% used [0x00000000ee900000,0x00000000ee900000,0x00000000ef680000)
 ParOldGen       total 64000K, used 34803K [0x00000000c0000000, 0x00000000c3e80000, 0x00000000eab00000)
  object space 64000K, 54% used [0x00000000c0000000,0x00000000c21fceb8,0x00000000c3e80000)
 Metaspace       used 6039K, capacity 6960K, committed 7040K, reserved 1056768K
  class space    used 594K, capacity 616K, committed 640K, reserved 1048576K
}
Event: 4.206 GC heap before
{Heap before GC invocations=19 (full 0):
 PSYoungGen      total 76800K, used 72490K [0x00000000eab00000, 0x00000000f0480000, 0x0000000100000000)
  eden space 63488K, 100% used [0x00000000eab00000,0x00000000ee900000,0x00000000ee900000)
  from space 13312K, 67% used [0x00000000ef680000,0x00000000eff4a890,0x00000000f0380000)
  to   space 13824K, 0% used [0x00000000ee900000,0x00000000ee900000,0x00000000ef680000)
 ParOldGen       total 64000K, used 34803K [0x00000000c0000000, 0x00000000c3e80000, 0x00000000eab00000)
  object space 64000K, 54% used [0x00000000c0000000,0x00000000c21fceb8,0x00000000c3e80000)
 Metaspace       used 6060K, capacity 7024K, committed 7296K, reserved 1056768K
  class space    used 594K, capacity 616K, committed 640K, reserved 1048576K
Event: 4.263 GC heap after
Heap after GC invocations=19 (full 0):
 PSYoungGen      total 77312K, used 10080K [0x00000000eab00000, 0x00000000f1f00000, 0x0000000100000000)
  eden space 63488K, 0% used [0x00000000eab00000,0x00000000eab00000,0x00000000ee900000)
  from space 13824K, 72% used [0x00000000ee900000,0x00000000ef2d8020,0x00000000ef680000)
  to   space 14848K, 0% used [0x00000000f1080000,0x00000000f1080000,0x00000000f1f00000)
 ParOldGen       total 64000K, used 43146K [0x00000000c0000000, 0x00000000c3e80000, 0x00000000eab00000)
  object space 64000K, 67% used [0x00000000c0000000,0x00000000c2a22898,0x00000000c3e80000)
 Metaspace       used 6060K, capacity 7024K, committed 7296K, reserved 1056768K
  class space    used 594K, capacity 616K, committed 640K, reserved 1048576K
}
Event: 4.756 GC heap before
{Heap before GC invocations=20 (full 0):
 PSYoungGen      total 77312K, used 73568K [0x00000000eab00000, 0x00000000f1f00000, 0x0000000100000000)
  eden space 63488K, 100% used [0x00000000eab00000,0x00000000ee900000,0x00000000ee900000)
  from space 13824K, 72% used [0x00000000ee900000,0x00000000ef2d8020,0x00000000ef680000)
  to   space 14848K, 0% used [0x00000000f1080000,0x00000000f1080000,0x00000000f1f00000)
 ParOldGen       total 64000K, used 43146K [0x00000000c0000000, 0x00000000c3e80000, 0x00000000eab00000)
  object space 64000K, 67% used [0x00000000c0000000,0x00000000c2a22898,0x00000000c3e80000)
 Metaspace       used 6066K, capacity 7024K, committed 7296K, reserved 1056768K
  class space    used 594K, capacity 616K, committed 640K, reserved 1048576K
Event: 4.888 GC heap after
Heap after GC invocations=20 (full 0):
 PSYoungGen      total 102912K, used 10496K [0x00000000eab00000, 0x00000000f2100000, 0x0000000100000000)
  eden space 88064K, 0% used [0x00000000eab00000,0x00000000eab00000,0x00000000f0100000)
  from space 14848K, 70% used [0x00000000f1080000,0x00000000f1ac0000,0x00000000f1f00000)
  to   space 15872K, 0% used [0x00000000f0100000,0x00000000f0100000,0x00000000f1080000)
 ParOldGen       total 64000K, used 52908K [0x00000000c0000000, 0x00000000c3e80000, 0x00000000eab00000)
  object space 64000K, 82% used [0x00000000c0000000,0x00000000c33ab360,0x00000000c3e80000)
 Metaspace       used 6066K, capacity 7024K, committed 7296K, reserved 1056768K
  class space    used 594K, capacity 616K, committed 640K, reserved 1048576K
}
Event: 4.888 GC heap before
{Heap before GC invocations=21 (full 1):
 PSYoungGen      total 102912K, used 10496K [0x00000000eab00000, 0x00000000f2100000, 0x0000000100000000)
  eden space 88064K, 0% used [0x00000000eab00000,0x00000000eab00000,0x00000000f0100000)
  from space 14848K, 70% used [0x00000000f1080000,0x00000000f1ac0000,0x00000000f1f00000)
  to   space 15872K, 0% used [0x00000000f0100000,0x00000000f0100000,0x00000000f1080000)
 ParOldGen       total 64000K, used 52908K [0x00000000c0000000, 0x00000000c3e80000, 0x00000000eab00000)
  object space 64000K, 82% used [0x00000000c0000000,0x00000000c33ab360,0x00000000c3e80000)
 Metaspace       used 6066K, capacity 7024K, committed 7296K, reserved 1056768K
  class space    used 594K, capacity 616K, committed 640K, reserved 1048576K
Event: 8.316 GC heap after
Heap after GC invocations=21 (full 1):
 PSYoungGen      total 102912K, used 0K [0x00000000eab00000, 0x00000000f2100000, 0x0000000100000000)
  eden space 88064K, 0% used [0x00000000eab00000,0x00000000eab00000,0x00000000f0100000)
  from space 14848K, 0% used [0x00000000f1080000,0x00000000f1080000,0x00000000f1f00000)
  to   space 15872K, 0% used [0x00000000f0100000,0x00000000f0100000,0x00000000f1080000)
 ParOldGen       total 66560K, used 53731K [0x00000000c0000000, 0x00000000c4100000, 0x00000000eab00000)
  object space 66560K, 80% used [0x00000000c0000000,0x00000000c3478d60,0x00000000c4100000)
 Metaspace       used 6066K, capacity 7024K, committed 7296K, reserved 1056768K
  class space    used 594K, capacity 616K, committed 640K, reserved 1048576K
}

